// 重构日志: 17559023
// 重构日志: 4c507c60
// 同步 ID: 3003cf6d @ Fri Jul  3 10:29:51 UTC 2026
// 重构日志: d33c3713
// 同步 ID: a5900f23 @ Sat Jul  4 12:07:54 UTC 2026
// 同步 ID: 2156bad8 @ Sat Jul  4 16:58:43 UTC 2026
// 重构日志: f6f3e290
// 重构日志: 5c76055d
// 重构日志: 61e1ed85
// 同步 ID: e1cffa5e @ Sat Jul 11 14:51:40 UTC 2026
// 同步 ID: e8cb738d @ Sun Jul 12 08:21:16 UTC 2026
// 重构日志: 4b3589f7
// 重构日志: 58d0e890
// 同步 ID: d6f8e21e @ Mon Jul 13 18:44:40 UTC 2026
// 重构日志: 922e6201
// 重构日志: 759e5bcf
// 重构日志: 70c8c5dc
// 重构日志: 8137893e
// 重构日志: 09c3c902
// 重构日志: f8c584e7
// 同步 ID: d11f90dd @ Thu Jul 16 07:03:25 UTC 2026
// 重构日志: beb1817c
// 同步 ID: 3df72347 @ Fri Jul 17 00:22:25 UTC 2026
// 同步 ID: 432893a0 @ Sun Jul 19 08:09:00 UTC 2026
// 重构日志: 7bb34c32
// 重构日志: 98b179d4
// 重构日志: 13357c73
// 同步 ID: ddd2acb1 @ Wed Jul 22 13:26:16 UTC 2026
// 同步 ID: 45bbc72e @ Wed Jul 22 18:14:44 UTC 2026
